[0.031s] Invoking command in '/home/ros/Robot/ros2_ws/build/sensor_processor': CMAKE_PREFIX_PATH=${CMAKE_PREFIX_PATH}:/home/ros/Robot/ros2_ws/install/py_sub:/opt/ros/jazzy DEBUGINFOD_URLS=https://debuginfod.ubuntu.com /usr/bin/cmake /home/ros/Robot/ros2_ws/src/sensor_processor -DCMAKE_INSTALL_PREFIX=/home/ros/Robot/ros2_ws/install/sensor_processor
[0.395s] -- The C compiler identification is GNU 13.3.0
[0.713s] -- The CXX compiler identification is GNU 13.3.0
[0.770s] -- Detecting C compiler ABI info
[1.104s] -- Detecting C compiler ABI info - done
[1.120s] -- Check for working C compiler: /usr/bin/cc - skipped
[1.125s] -- Detecting C compile features
[1.127s] -- Detecting C compile features - done
[1.191s] -- Detecting CXX compiler ABI info
[1.623s] -- Detecting CXX compiler ABI info - done
[1.657s] -- Check for working CXX compiler: /usr/bin/c++ - skipped
[1.658s] -- Detecting CXX compile features
[1.660s] -- Detecting CXX compile features - done
[1.834s] -- Found rclcpp: 28.1.21 (/opt/ros/jazzy/share/rclcpp/cmake)
[2.357s] -- Found Python3: /usr/bin/python3 (found version "3.12.3") found components: Interpreter 
[3.261s] -- Found rosidl_generator_c: 4.6.9 (/opt/ros/jazzy/share/rosidl_generator_c/cmake)
[3.365s] -- Found rosidl_generator_cpp: 4.6.9 (/opt/ros/jazzy/share/rosidl_generator_cpp/cmake)
[3.511s] -- Using all available rosidl_typesupport_c: rosidl_typesupport_fastrtps_c;rosidl_typesupport_introspection_c
[3.613s] -- Using all available rosidl_typesupport_cpp: rosidl_typesupport_fastrtps_cpp;rosidl_typesupport_introspection_cpp
[4.104s] -- Found rmw_implementation_cmake: 7.3.3 (/opt/ros/jazzy/share/rmw_implementation_cmake/cmake)
[4.137s] -- Found rmw_fastrtps_cpp: 8.4.4 (/opt/ros/jazzy/share/rmw_fastrtps_cpp/cmake)
[4.780s] -- Found OpenSSL: /usr/lib/x86_64-linux-gnu/libcrypto.so (found version "3.0.13")  
[4.867s] -- Found FastRTPS: /opt/ros/jazzy/include (Required is at least version "2.13") 
[4.981s] -- Using RMW implementation 'rmw_fastrtps_cpp' as default
[5.407s] -- Found std_msgs: 5.3.8 (/opt/ros/jazzy/share/std_msgs/cmake)
[5.531s] -- Found sensor_msgs: 5.3.8 (/opt/ros/jazzy/share/sensor_msgs/cmake)
[5.758s] -- Found cv_bridge: 4.1.0 (/opt/ros/jazzy/share/cv_bridge/cmake)
[5.823s] -- Found OpenCV: /usr (found version "4.6.0") 
[5.841s] -- Configuring done (5.8s)
[5.906s] [31mCMake Error at CMakeLists.txt:10 (add_executable):
[5.906s]   Cannot find source file:
[5.906s] 
[5.906s]     src/image_processor_node.cpp
[5.906s] 
[5.906s]   Tried extensions .c .C .c++ .cc .cpp .cxx .cu .mpp .m .M .mm .ixx .cppm
[5.906s]   .ccm .cxxm .c++m .h .hh .h++ .hm .hpp .hxx .in .txx .f .F .for .f77 .f90
[5.906s]   .f95 .f03 .hip .ispc
[5.906s] 
[5.906s] [0m
[5.963s] [31mCMake Error at CMakeLists.txt:10 (add_executable):
[5.972s]   No SOURCES given to target: image_processor
[5.976s] 
[5.977s] [0m
[5.980s] [0mCMake Generate step failed.  Build files cannot be regenerated correctly.[0m
[5.987s] Invoked command in '/home/ros/Robot/ros2_ws/build/sensor_processor' returned '1': CMAKE_PREFIX_PATH=${CMAKE_PREFIX_PATH}:/home/ros/Robot/ros2_ws/install/py_sub:/opt/ros/jazzy DEBUGINFOD_URLS=https://debuginfod.ubuntu.com /usr/bin/cmake /home/ros/Robot/ros2_ws/src/sensor_processor -DCMAKE_INSTALL_PREFIX=/home/ros/Robot/ros2_ws/install/sensor_processor
