[0.276s] DEBUG:colcon:Command line arguments: ['/usr/bin/colcon', 'build', '--packages-select', 'cpp_pub', 'py_sub']
[0.276s] DEBUG:colcon:Parsed command line arguments: Namespace(log_base=None, log_level=None, verb_name='build', build_base='build', install_base='install', merge_install=False, symlink_install=False, test_result_base=None, continue_on_error=False, executor='parallel', parallel_workers=2, event_handlers=None, ignore_user_meta=False, metas=['./colcon.meta'], base_paths=['.'], packages_ignore=None, packages_ignore_regex=None, paths=None, packages_up_to=None, packages_up_to_regex=None, packages_above=None, packages_above_and_dependencies=None, packages_above_depth=None, packages_select_by_dep=None, packages_skip_by_dep=None, packages_skip_up_to=None, packages_select_build_failed=False, packages_skip_build_finished=False, packages_select_test_failures=False, packages_skip_test_passed=False, packages_select=['cpp_pub', 'py_sub'], packages_skip=None, packages_select_regex=None, packages_skip_regex=None, packages_start=None, packages_end=None, allow_overriding=[], cmake_args=None, cmake_target=None, cmake_target_skip_unavailable=False, cmake_clean_cache=False, cmake_clean_first=False, cmake_force_configure=False, ament_cmake_args=None, catkin_cmake_args=None, catkin_skip_building_tests=False, verb_parser=<colcon_defaults.argument_parser.defaults.DefaultArgumentsDecorator object at 0x76b446578bf0>, verb_extension=<colcon_core.verb.build.BuildVerb object at 0x76b446578500>, main=<bound method BuildVerb.main of <colcon_core.verb.build.BuildVerb object at 0x76b446578500>>)
[0.396s] Level 1:colcon.colcon_core.package_discovery:discover_packages(colcon_meta) check parameters
[0.397s] Level 1:colcon.colcon_core.package_discovery:discover_packages(recursive) check parameters
[0.397s] Level 1:colcon.colcon_core.package_discovery:discover_packages(ignore) check parameters
[0.398s] Level 1:colcon.colcon_core.package_discovery:discover_packages(path) check parameters
[0.398s] Level 1:colcon.colcon_core.package_discovery:discover_packages(colcon_meta) discover
[0.398s] Level 1:colcon.colcon_core.package_discovery:discover_packages(recursive) discover
[0.398s] INFO:colcon.colcon_core.package_discovery:Crawling recursively for packages in '/media/sf_Linux_Share/Robot/ros2_ws'
[0.400s] Level 1:colcon.colcon_core.package_identification:_identify(.) by extensions ['ignore', 'ignore_ament_install']
[0.400s] Level 1:colcon.colcon_core.package_identification:_identify(.) by extension 'ignore'
[0.401s] Level 1:colcon.colcon_core.package_identification:_identify(.) by extension 'ignore_ament_install'
[0.401s] Level 1:colcon.colcon_core.package_identification:_identify(.) by extensions ['colcon_pkg']
[0.402s] Level 1:colcon.colcon_core.package_identification:_identify(.) by extension 'colcon_pkg'
[0.402s] Level 1:colcon.colcon_core.package_identification:_identify(.) by extensions ['colcon_meta']
[0.403s] Level 1:colcon.colcon_core.package_identification:_identify(.) by extension 'colcon_meta'
[0.403s] Level 1:colcon.colcon_core.package_identification:_identify(.) by extensions ['ros']
[0.403s] Level 1:colcon.colcon_core.package_identification:_identify(.) by extension 'ros'
[0.424s] Level 1:colcon.colcon_core.package_identification:_identify(.) by extensions ['cmake', 'python']
[0.424s] Level 1:colcon.colcon_core.package_identification:_identify(.) by extension 'cmake'
[0.426s] Level 1:colcon.colcon_core.package_identification:_identify(.) by extension 'python'
[0.427s] Level 1:colcon.colcon_core.package_identification:_identify(.) by extensions ['python_setup_py']
[0.428s] Level 1:colcon.colcon_core.package_identification:_identify(.) by extension 'python_setup_py'
[0.429s] Level 1:colcon.colcon_core.package_identification:_identify(build) by extensions ['ignore', 'ignore_ament_install']
[0.429s] Level 1:colcon.colcon_core.package_identification:_identify(build) by extension 'ignore'
[0.430s] Level 1:colcon.colcon_core.package_identification:_identify(build) ignored
[0.431s] Level 1:colcon.colcon_core.package_identification:_identify(install) by extensions ['ignore', 'ignore_ament_install']
[0.431s] Level 1:colcon.colcon_core.package_identification:_identify(install) by extension 'ignore'
[0.431s] Level 1:colcon.colcon_core.package_identification:_identify(install) ignored
[0.432s] Level 1:colcon.colcon_core.package_identification:_identify(log) by extensions ['ignore', 'ignore_ament_install']
[0.433s] Level 1:colcon.colcon_core.package_identification:_identify(log) by extension 'ignore'
[0.433s] Level 1:colcon.colcon_core.package_identification:_identify(log) ignored
[0.434s] Level 1:colcon.colcon_core.package_identification:_identify(src) by extensions ['ignore', 'ignore_ament_install']
[0.435s] Level 1:colcon.colcon_core.package_identification:_identify(src) by extension 'ignore'
[0.435s] Level 1:colcon.colcon_core.package_identification:_identify(src) by extension 'ignore_ament_install'
[0.436s] Level 1:colcon.colcon_core.package_identification:_identify(src) by extensions ['colcon_pkg']
[0.436s] Level 1:colcon.colcon_core.package_identification:_identify(src) by extension 'colcon_pkg'
[0.437s] Level 1:colcon.colcon_core.package_identification:_identify(src) by extensions ['colcon_meta']
[0.437s] Level 1:colcon.colcon_core.package_identification:_identify(src) by extension 'colcon_meta'
[0.437s] Level 1:colcon.colcon_core.package_identification:_identify(src) by extensions ['ros']
[0.438s] Level 1:colcon.colcon_core.package_identification:_identify(src) by extension 'ros'
[0.439s] Level 1:colcon.colcon_core.package_identification:_identify(src) by extensions ['cmake', 'python']
[0.440s] Level 1:colcon.colcon_core.package_identification:_identify(src) by extension 'cmake'
[0.440s] Level 1:colcon.colcon_core.package_identification:_identify(src) by extension 'python'
[0.441s] Level 1:colcon.colcon_core.package_identification:_identify(src) by extensions ['python_setup_py']
[0.441s] Level 1:colcon.colcon_core.package_identification:_identify(src) by extension 'python_setup_py'
[0.442s] Level 1:colcon.colcon_core.package_identification:_identify(src/cpp_pub) by extensions ['ignore', 'ignore_ament_install']
[0.443s] Level 1:colcon.colcon_core.package_identification:_identify(src/cpp_pub) by extension 'ignore'
[0.443s] Level 1:colcon.colcon_core.package_identification:_identify(src/cpp_pub) by extension 'ignore_ament_install'
[0.445s] Level 1:colcon.colcon_core.package_identification:_identify(src/cpp_pub) by extensions ['colcon_pkg']
[0.445s] Level 1:colcon.colcon_core.package_identification:_identify(src/cpp_pub) by extension 'colcon_pkg'
[0.445s] Level 1:colcon.colcon_core.package_identification:_identify(src/cpp_pub) by extensions ['colcon_meta']
[0.445s] Level 1:colcon.colcon_core.package_identification:_identify(src/cpp_pub) by extension 'colcon_meta'
[0.446s] Level 1:colcon.colcon_core.package_identification:_identify(src/cpp_pub) by extensions ['ros']
[0.446s] Level 1:colcon.colcon_core.package_identification:_identify(src/cpp_pub) by extension 'ros'
[0.454s] DEBUG:colcon.colcon_core.package_identification:Package 'src/cpp_pub' with type 'ros.ament_cmake' and name 'cpp_pub'
[0.455s] Level 1:colcon.colcon_core.package_identification:_identify(src/py_sub) by extensions ['ignore', 'ignore_ament_install']
[0.456s] Level 1:colcon.colcon_core.package_identification:_identify(src/py_sub) by extension 'ignore'
[0.456s] Level 1:colcon.colcon_core.package_identification:_identify(src/py_sub) by extension 'ignore_ament_install'
[0.457s] Level 1:colcon.colcon_core.package_identification:_identify(src/py_sub) by extensions ['colcon_pkg']
[0.457s] Level 1:colcon.colcon_core.package_identification:_identify(src/py_sub) by extension 'colcon_pkg'
[0.458s] Level 1:colcon.colcon_core.package_identification:_identify(src/py_sub) by extensions ['colcon_meta']
[0.458s] Level 1:colcon.colcon_core.package_identification:_identify(src/py_sub) by extension 'colcon_meta'
[0.458s] Level 1:colcon.colcon_core.package_identification:_identify(src/py_sub) by extensions ['ros']
[0.459s] Level 1:colcon.colcon_core.package_identification:_identify(src/py_sub) by extension 'ros'
[0.461s] DEBUG:colcon.colcon_core.package_identification:Package 'src/py_sub' with type 'ros.ament_python' and name 'py_sub'
[0.461s] Level 1:colcon.colcon_core.package_discovery:discover_packages(recursive) using defaults
[0.462s] Level 1:colcon.colcon_core.package_discovery:discover_packages(ignore) discover
[0.462s] Level 1:colcon.colcon_core.package_discovery:discover_packages(ignore) using defaults
[0.462s] Level 1:colcon.colcon_core.package_discovery:discover_packages(path) discover
[0.462s] Level 1:colcon.colcon_core.package_discovery:discover_packages(path) using defaults
[0.506s] Level 1:colcon.colcon_core.package_discovery:discover_packages(prefix_path) check parameters
[0.506s] Level 1:colcon.colcon_core.package_discovery:discover_packages(prefix_path) discover
[0.512s] DEBUG:colcon.colcon_installed_package_information.package_discovery:Found 287 installed packages in /opt/ros/jazzy
[0.514s] Level 1:colcon.colcon_core.package_discovery:discover_packages(prefix_path) using defaults
[0.551s] Level 5:colcon.colcon_core.verb:set package 'cpp_pub' build argument 'cmake_args' from command line to 'None'
[0.552s] Level 5:colcon.colcon_core.verb:set package 'cpp_pub' build argument 'cmake_target' from command line to 'None'
[0.552s] Level 5:colcon.colcon_core.verb:set package 'cpp_pub' build argument 'cmake_target_skip_unavailable' from command line to 'False'
[0.552s] Level 5:colcon.colcon_core.verb:set package 'cpp_pub' build argument 'cmake_clean_cache' from command line to 'False'
[0.553s] Level 5:colcon.colcon_core.verb:set package 'cpp_pub' build argument 'cmake_clean_first' from command line to 'False'
[0.553s] Level 5:colcon.colcon_core.verb:set package 'cpp_pub' build argument 'cmake_force_configure' from command line to 'False'
[0.553s] Level 5:colcon.colcon_core.verb:set package 'cpp_pub' build argument 'ament_cmake_args' from command line to 'None'
[0.554s] Level 5:colcon.colcon_core.verb:set package 'cpp_pub' build argument 'catkin_cmake_args' from command line to 'None'
[0.554s] Level 5:colcon.colcon_core.verb:set package 'cpp_pub' build argument 'catkin_skip_building_tests' from command line to 'False'
[0.554s] DEBUG:colcon.colcon_core.verb:Building package 'cpp_pub' with the following arguments: {'ament_cmake_args': None, 'build_base': '/media/sf_Linux_Share/Robot/ros2_ws/build/cpp_pub', 'catkin_cmake_args': None, 'catkin_skip_building_tests': False, 'cmake_args': None, 'cmake_clean_cache': False, 'cmake_clean_first': False, 'cmake_force_configure': False, 'cmake_target': None, 'cmake_target_skip_unavailable': False, 'install_base': '/media/sf_Linux_Share/Robot/ros2_ws/install/cpp_pub', 'merge_install': False, 'path': '/media/sf_Linux_Share/Robot/ros2_ws/src/cpp_pub', 'symlink_install': False, 'test_result_base': None}
[0.555s] Level 5:colcon.colcon_core.verb:set package 'py_sub' build argument 'cmake_args' from command line to 'None'
[0.555s] Level 5:colcon.colcon_core.verb:set package 'py_sub' build argument 'cmake_target' from command line to 'None'
[0.555s] Level 5:colcon.colcon_core.verb:set package 'py_sub' build argument 'cmake_target_skip_unavailable' from command line to 'False'
[0.556s] Level 5:colcon.colcon_core.verb:set package 'py_sub' build argument 'cmake_clean_cache' from command line to 'False'
[0.556s] Level 5:colcon.colcon_core.verb:set package 'py_sub' build argument 'cmake_clean_first' from command line to 'False'
[0.556s] Level 5:colcon.colcon_core.verb:set package 'py_sub' build argument 'cmake_force_configure' from command line to 'False'
[0.557s] Level 5:colcon.colcon_core.verb:set package 'py_sub' build argument 'ament_cmake_args' from command line to 'None'
[0.557s] Level 5:colcon.colcon_core.verb:set package 'py_sub' build argument 'catkin_cmake_args' from command line to 'None'
[0.558s] Level 5:colcon.colcon_core.verb:set package 'py_sub' build argument 'catkin_skip_building_tests' from command line to 'False'
[0.558s] DEBUG:colcon.colcon_core.verb:Building package 'py_sub' with the following arguments: {'ament_cmake_args': None, 'build_base': '/media/sf_Linux_Share/Robot/ros2_ws/build/py_sub', 'catkin_cmake_args': None, 'catkin_skip_building_tests': False, 'cmake_args': None, 'cmake_clean_cache': False, 'cmake_clean_first': False, 'cmake_force_configure': False, 'cmake_target': None, 'cmake_target_skip_unavailable': False, 'install_base': '/media/sf_Linux_Share/Robot/ros2_ws/install/py_sub', 'merge_install': False, 'path': '/media/sf_Linux_Share/Robot/ros2_ws/src/py_sub', 'symlink_install': False, 'test_result_base': None}
[0.558s] INFO:colcon.colcon_core.executor:Executing jobs using 'parallel' executor
[0.560s] DEBUG:colcon.colcon_parallel_executor.executor.parallel:run_until_complete
[0.561s] INFO:colcon.colcon_ros.task.ament_cmake.build:Building ROS package in '/media/sf_Linux_Share/Robot/ros2_ws/src/cpp_pub' with build type 'ament_cmake'
[0.561s] INFO:colcon.colcon_cmake.task.cmake.build:Building CMake package in '/media/sf_Linux_Share/Robot/ros2_ws/src/cpp_pub'
[0.573s] INFO:colcon.colcon_core.plugin_system:Skipping extension 'colcon_core.shell.bat': Not used on non-Windows systems
[0.573s] INFO:colcon.colcon_core.shell:Skip shell extension 'powershell' for command environment: Not usable outside of PowerShell
[0.574s] DEBUG:colcon.colcon_core.shell:Skip shell extension 'dsv' for command environment
[0.581s] INFO:colcon.colcon_ros.task.ament_python.build:Building ROS package in '/media/sf_Linux_Share/Robot/ros2_ws/src/py_sub' with build type 'ament_python'
[0.581s] Level 1:colcon.colcon_core.shell:create_environment_hook('py_sub', 'ament_prefix_path')
[0.582s] INFO:colcon.colcon_core.shell:Creating environment hook '/media/sf_Linux_Share/Robot/ros2_ws/install/py_sub/share/py_sub/hook/ament_prefix_path.ps1'
[0.591s] INFO:colcon.colcon_core.shell:Creating environment descriptor '/media/sf_Linux_Share/Robot/ros2_ws/install/py_sub/share/py_sub/hook/ament_prefix_path.dsv'
[0.594s] INFO:colcon.colcon_core.shell:Creating environment hook '/media/sf_Linux_Share/Robot/ros2_ws/install/py_sub/share/py_sub/hook/ament_prefix_path.sh'
[0.597s] INFO:colcon.colcon_core.shell:Skip shell extension 'powershell' for command environment: Not usable outside of PowerShell
[0.598s] DEBUG:colcon.colcon_core.shell:Skip shell extension 'dsv' for command environment
[0.625s] DEBUG:colcon.colcon_core.event_handler.log_command:Invoking command in '/media/sf_Linux_Share/Robot/ros2_ws/build/cpp_pub': CMAKE_PREFIX_PATH=${CMAKE_PREFIX_PATH}:/opt/ros/jazzy DEBUGINFOD_URLS=https://debuginfod.ubuntu.com /usr/bin/cmake /media/sf_Linux_Share/Robot/ros2_ws/src/cpp_pub -DCMAKE_INSTALL_PREFIX=/media/sf_Linux_Share/Robot/ros2_ws/install/cpp_pub
[0.931s] INFO:colcon.colcon_core.task.python.build:Building Python package in '/media/sf_Linux_Share/Robot/ros2_ws/src/py_sub'
[0.932s] INFO:colcon.colcon_core.shell:Skip shell extension 'powershell' for command environment: Not usable outside of PowerShell
[0.933s] DEBUG:colcon.colcon_core.shell:Skip shell extension 'dsv' for command environment
[2.543s] DEBUG:colcon.colcon_core.task.python.build:Available setuptools commands: bdist_rpm, install_lib, compile_catalog, build_scripts, install_scripts, develop, egg_info, init_catalog, test, check, install_headers, register, install_data, easy_install, update_catalog, saveopts, build_py, install_egg_info, install, editable_wheel, sdist, upload_docs, bdist_wheel, bdist_egg, build, setopt, alias, clean, bdist, build_ext, dist_info, symlink_data, extract_messages, bdist_dumb, build_clib, rotate, upload
[2.559s] DEBUG:colcon.colcon_core.event_handler.log_command:Invoking command in '/media/sf_Linux_Share/Robot/ros2_ws/src/py_sub': DEBUGINFOD_URLS=https://debuginfod.ubuntu.com PYTHONPATH=/media/sf_Linux_Share/Robot/ros2_ws/build/py_sub/prefix_override:/usr/lib/python3/dist-packages/colcon_core/task/python/colcon_distutils_commands:/media/sf_Linux_Share/Robot/ros2_ws/install/py_sub/lib/python3.12/site-packages:${PYTHONPATH} /usr/bin/python3 -W ignore:setup.py install is deprecated -W ignore:easy_install command is deprecated setup.py egg_info --egg-base ../../build/py_sub build --build-base /media/sf_Linux_Share/Robot/ros2_ws/build/py_sub/build install --record /media/sf_Linux_Share/Robot/ros2_ws/build/py_sub/install.log --install-scripts $base/lib/py_sub --single-version-externally-managed install_data
[3.381s] DEBUG:colcon.colcon_core.event_handler.log_command:Invoked command in '/media/sf_Linux_Share/Robot/ros2_ws/src/py_sub' returned '0': DEBUGINFOD_URLS=https://debuginfod.ubuntu.com PYTHONPATH=/media/sf_Linux_Share/Robot/ros2_ws/build/py_sub/prefix_override:/usr/lib/python3/dist-packages/colcon_core/task/python/colcon_distutils_commands:/media/sf_Linux_Share/Robot/ros2_ws/install/py_sub/lib/python3.12/site-packages:${PYTHONPATH} /usr/bin/python3 -W ignore:setup.py install is deprecated -W ignore:easy_install command is deprecated setup.py egg_info --egg-base ../../build/py_sub build --build-base /media/sf_Linux_Share/Robot/ros2_ws/build/py_sub/build install --record /media/sf_Linux_Share/Robot/ros2_ws/build/py_sub/install.log --install-scripts $base/lib/py_sub --single-version-externally-managed install_data
[3.397s] Level 1:colcon.colcon_core.environment:checking '/media/sf_Linux_Share/Robot/ros2_ws/install/py_sub' for CMake module files
[3.403s] Level 1:colcon.colcon_core.environment:checking '/media/sf_Linux_Share/Robot/ros2_ws/install/py_sub' for CMake config files
[3.425s] Level 1:colcon.colcon_core.environment:checking '/media/sf_Linux_Share/Robot/ros2_ws/install/py_sub/lib'
[3.426s] Level 1:colcon.colcon_core.environment:checking '/media/sf_Linux_Share/Robot/ros2_ws/install/py_sub/bin'
[3.427s] Level 1:colcon.colcon_core.environment:checking '/media/sf_Linux_Share/Robot/ros2_ws/install/py_sub/lib/pkgconfig/py_sub.pc'
[3.428s] Level 1:colcon.colcon_core.environment:checking '/media/sf_Linux_Share/Robot/ros2_ws/install/py_sub/lib/python3.12/site-packages'
[3.429s] Level 1:colcon.colcon_core.shell:create_environment_hook('py_sub', 'pythonpath')
[3.429s] INFO:colcon.colcon_core.shell:Creating environment hook '/media/sf_Linux_Share/Robot/ros2_ws/install/py_sub/share/py_sub/hook/pythonpath.ps1'
[3.431s] INFO:colcon.colcon_core.shell:Creating environment descriptor '/media/sf_Linux_Share/Robot/ros2_ws/install/py_sub/share/py_sub/hook/pythonpath.dsv'
[3.433s] INFO:colcon.colcon_core.shell:Creating environment hook '/media/sf_Linux_Share/Robot/ros2_ws/install/py_sub/share/py_sub/hook/pythonpath.sh'
[3.438s] Level 1:colcon.colcon_core.environment:checking '/media/sf_Linux_Share/Robot/ros2_ws/install/py_sub/bin'
[3.439s] Level 1:colcon.colcon_core.environment:create_environment_scripts_only(py_sub)
[3.439s] INFO:colcon.colcon_core.shell:Creating package script '/media/sf_Linux_Share/Robot/ros2_ws/install/py_sub/share/py_sub/package.ps1'
[3.444s] INFO:colcon.colcon_core.shell:Creating package descriptor '/media/sf_Linux_Share/Robot/ros2_ws/install/py_sub/share/py_sub/package.dsv'
[3.447s] INFO:colcon.colcon_core.shell:Creating package script '/media/sf_Linux_Share/Robot/ros2_ws/install/py_sub/share/py_sub/package.sh'
[3.451s] INFO:colcon.colcon_core.shell:Creating package script '/media/sf_Linux_Share/Robot/ros2_ws/install/py_sub/share/py_sub/package.bash'
[3.456s] INFO:colcon.colcon_core.shell:Creating package script '/media/sf_Linux_Share/Robot/ros2_ws/install/py_sub/share/py_sub/package.zsh'
[3.462s] Level 1:colcon.colcon_core.environment:create_file_with_runtime_dependencies(/media/sf_Linux_Share/Robot/ros2_ws/install/py_sub/share/colcon-core/packages/py_sub)
[5.806s] DEBUG:colcon.colcon_core.event_handler.log_command:Invoked command in '/media/sf_Linux_Share/Robot/ros2_ws/build/cpp_pub' returned '0': CMAKE_PREFIX_PATH=${CMAKE_PREFIX_PATH}:/opt/ros/jazzy DEBUGINFOD_URLS=https://debuginfod.ubuntu.com /usr/bin/cmake /media/sf_Linux_Share/Robot/ros2_ws/src/cpp_pub -DCMAKE_INSTALL_PREFIX=/media/sf_Linux_Share/Robot/ros2_ws/install/cpp_pub
[5.810s] DEBUG:colcon.colcon_core.event_handler.log_command:Invoking command in '/media/sf_Linux_Share/Robot/ros2_ws/build/cpp_pub': CMAKE_PREFIX_PATH=${CMAKE_PREFIX_PATH}:/opt/ros/jazzy DEBUGINFOD_URLS=https://debuginfod.ubuntu.com /usr/bin/cmake --build /media/sf_Linux_Share/Robot/ros2_ws/build/cpp_pub -- -j2 -l2
[5.886s] DEBUG:colcon.colcon_core.event_handler.log_command:Invoked command in '/media/sf_Linux_Share/Robot/ros2_ws/build/cpp_pub' returned '2': CMAKE_PREFIX_PATH=${CMAKE_PREFIX_PATH}:/opt/ros/jazzy DEBUGINFOD_URLS=https://debuginfod.ubuntu.com /usr/bin/cmake --build /media/sf_Linux_Share/Robot/ros2_ws/build/cpp_pub -- -j2 -l2
[5.888s] Level 1:colcon.colcon_core.environment:create_environment_scripts_only(cpp_pub)
[5.889s] Level 1:colcon.colcon_core.environment:checking '/media/sf_Linux_Share/Robot/ros2_ws/install/cpp_pub' for CMake module files
[5.890s] Level 1:colcon.colcon_core.environment:checking '/media/sf_Linux_Share/Robot/ros2_ws/install/cpp_pub' for CMake config files
[5.890s] Level 1:colcon.colcon_core.environment:checking '/media/sf_Linux_Share/Robot/ros2_ws/install/cpp_pub/bin'
[5.890s] Level 1:colcon.colcon_core.environment:checking '/media/sf_Linux_Share/Robot/ros2_ws/install/cpp_pub/lib/pkgconfig/cpp_pub.pc'
[5.891s] Level 1:colcon.colcon_core.environment:checking '/media/sf_Linux_Share/Robot/ros2_ws/install/cpp_pub/lib/python3.12/site-packages'
[5.891s] Level 1:colcon.colcon_core.environment:checking '/media/sf_Linux_Share/Robot/ros2_ws/install/cpp_pub/bin'
[5.892s] INFO:colcon.colcon_core.shell:Creating package script '/media/sf_Linux_Share/Robot/ros2_ws/install/cpp_pub/share/cpp_pub/package.ps1'
[5.897s] INFO:colcon.colcon_core.shell:Creating package descriptor '/media/sf_Linux_Share/Robot/ros2_ws/install/cpp_pub/share/cpp_pub/package.dsv'
[5.901s] INFO:colcon.colcon_core.shell:Creating package script '/media/sf_Linux_Share/Robot/ros2_ws/install/cpp_pub/share/cpp_pub/package.sh'
[5.903s] INFO:colcon.colcon_core.shell:Creating package script '/media/sf_Linux_Share/Robot/ros2_ws/install/cpp_pub/share/cpp_pub/package.bash'
[5.905s] INFO:colcon.colcon_core.shell:Creating package script '/media/sf_Linux_Share/Robot/ros2_ws/install/cpp_pub/share/cpp_pub/package.zsh'
[5.909s] Level 1:colcon.colcon_core.environment:create_file_with_runtime_dependencies(/media/sf_Linux_Share/Robot/ros2_ws/install/cpp_pub/share/colcon-core/packages/cpp_pub)
[5.924s] DEBUG:colcon.colcon_parallel_executor.executor.parallel:closing loop
[5.925s] DEBUG:colcon.colcon_parallel_executor.executor.parallel:loop closed
[5.925s] DEBUG:colcon.colcon_parallel_executor.executor.parallel:run_until_complete finished with '2'
[5.926s] DEBUG:colcon.colcon_core.event_reactor:joining thread
[5.928s] DEBUG:colcon.colcon_core.event_reactor:joined thread
[5.929s] INFO:colcon.colcon_core.shell:Creating prefix script '/media/sf_Linux_Share/Robot/ros2_ws/install/local_setup.ps1'
[5.932s] INFO:colcon.colcon_core.shell:Creating prefix util module '/media/sf_Linux_Share/Robot/ros2_ws/install/_local_setup_util_ps1.py'
[5.936s] INFO:colcon.colcon_core.shell:Creating prefix chain script '/media/sf_Linux_Share/Robot/ros2_ws/install/setup.ps1'
[5.940s] INFO:colcon.colcon_core.shell:Creating prefix script '/media/sf_Linux_Share/Robot/ros2_ws/install/local_setup.sh'
[5.944s] INFO:colcon.colcon_core.shell:Creating prefix util module '/media/sf_Linux_Share/Robot/ros2_ws/install/_local_setup_util_sh.py'
[5.946s] INFO:colcon.colcon_core.shell:Creating prefix chain script '/media/sf_Linux_Share/Robot/ros2_ws/install/setup.sh'
[5.949s] INFO:colcon.colcon_core.shell:Creating prefix script '/media/sf_Linux_Share/Robot/ros2_ws/install/local_setup.bash'
[5.952s] INFO:colcon.colcon_core.shell:Creating prefix chain script '/media/sf_Linux_Share/Robot/ros2_ws/install/setup.bash'
[5.956s] INFO:colcon.colcon_core.shell:Creating prefix script '/media/sf_Linux_Share/Robot/ros2_ws/install/local_setup.zsh'
[5.959s] INFO:colcon.colcon_core.shell:Creating prefix chain script '/media/sf_Linux_Share/Robot/ros2_ws/install/setup.zsh'
