[0.124s] DEBUG:colcon:Command line arguments: ['/usr/bin/colcon', 'build', '--packages-select', 'sensor_processor']
[0.124s] DEBUG:colcon:Parsed command line arguments: Namespace(log_base=None, log_level=None, verb_name='build', build_base='build', install_base='install', merge_install=False, symlink_install=False, test_result_base=None, continue_on_error=False, executor='parallel', parallel_workers=2, event_handlers=None, ignore_user_meta=False, metas=['./colcon.meta'], base_paths=['.'], packages_ignore=None, packages_ignore_regex=None, paths=None, packages_up_to=None, packages_up_to_regex=None, packages_above=None, packages_above_and_dependencies=None, packages_above_depth=None, packages_select_by_dep=None, packages_skip_by_dep=None, packages_skip_up_to=None, packages_select_build_failed=False, packages_skip_build_finished=False, packages_select_test_failures=False, packages_skip_test_passed=False, packages_select=['sensor_processor'], packages_skip=None, packages_select_regex=None, packages_skip_regex=None, packages_start=None, packages_end=None, allow_overriding=[], cmake_args=None, cmake_target=None, cmake_target_skip_unavailable=False, cmake_clean_cache=False, cmake_clean_first=False, cmake_force_configure=False, ament_cmake_args=None, catkin_cmake_args=None, catkin_skip_building_tests=False, verb_parser=<colcon_defaults.argument_parser.defaults.DefaultArgumentsDecorator object at 0x73a014129e20>, verb_extension=<colcon_core.verb.build.BuildVerb object at 0x73a0142fbda0>, main=<bound method BuildVerb.main of <colcon_core.verb.build.BuildVerb object at 0x73a0142fbda0>>)
[0.178s] Level 1:colcon.colcon_core.package_discovery:discover_packages(colcon_meta) check parameters
[0.180s] Level 1:colcon.colcon_core.package_discovery:discover_packages(recursive) check parameters
[0.181s] Level 1:colcon.colcon_core.package_discovery:discover_packages(ignore) check parameters
[0.181s] Level 1:colcon.colcon_core.package_discovery:discover_packages(path) check parameters
[0.181s] Level 1:colcon.colcon_core.package_discovery:discover_packages(colcon_meta) discover
[0.181s] Level 1:colcon.colcon_core.package_discovery:discover_packages(recursive) discover
[0.182s] INFO:colcon.colcon_core.package_discovery:Crawling recursively for packages in '/home/ros/Robot/ros2_ws'
[0.183s] Level 1:colcon.colcon_core.package_identification:_identify(.) by extensions ['ignore', 'ignore_ament_install']
[0.184s] Level 1:colcon.colcon_core.package_identification:_identify(.) by extension 'ignore'
[0.184s] Level 1:colcon.colcon_core.package_identification:_identify(.) by extension 'ignore_ament_install'
[0.184s] Level 1:colcon.colcon_core.package_identification:_identify(.) by extensions ['colcon_pkg']
[0.184s] Level 1:colcon.colcon_core.package_identification:_identify(.) by extension 'colcon_pkg'
[0.184s] Level 1:colcon.colcon_core.package_identification:_identify(.) by extensions ['colcon_meta']
[0.185s] Level 1:colcon.colcon_core.package_identification:_identify(.) by extension 'colcon_meta'
[0.185s] Level 1:colcon.colcon_core.package_identification:_identify(.) by extensions ['ros']
[0.185s] Level 1:colcon.colcon_core.package_identification:_identify(.) by extension 'ros'
[0.228s] Level 1:colcon.colcon_core.package_identification:_identify(.) by extensions ['cmake', 'python']
[0.229s] Level 1:colcon.colcon_core.package_identification:_identify(.) by extension 'cmake'
[0.230s] Level 1:colcon.colcon_core.package_identification:_identify(.) by extension 'python'
[0.230s] Level 1:colcon.colcon_core.package_identification:_identify(.) by extensions ['python_setup_py']
[0.230s] Level 1:colcon.colcon_core.package_identification:_identify(.) by extension 'python_setup_py'
[0.232s] Level 1:colcon.colcon_core.package_identification:_identify(build) by extensions ['ignore', 'ignore_ament_install']
[0.233s] Level 1:colcon.colcon_core.package_identification:_identify(build) by extension 'ignore'
[0.233s] Level 1:colcon.colcon_core.package_identification:_identify(build) ignored
[0.234s] Level 1:colcon.colcon_core.package_identification:_identify(install) by extensions ['ignore', 'ignore_ament_install']
[0.236s] Level 1:colcon.colcon_core.package_identification:_identify(install) by extension 'ignore'
[0.240s] Level 1:colcon.colcon_core.package_identification:_identify(install) ignored
[0.240s] Level 1:colcon.colcon_core.package_identification:_identify(log) by extensions ['ignore', 'ignore_ament_install']
[0.241s] Level 1:colcon.colcon_core.package_identification:_identify(log) by extension 'ignore'
[0.241s] Level 1:colcon.colcon_core.package_identification:_identify(log) ignored
[0.241s] Level 1:colcon.colcon_core.package_identification:_identify(src) by extensions ['ignore', 'ignore_ament_install']
[0.241s] Level 1:colcon.colcon_core.package_identification:_identify(src) by extension 'ignore'
[0.241s] Level 1:colcon.colcon_core.package_identification:_identify(src) by extension 'ignore_ament_install'
[0.241s] Level 1:colcon.colcon_core.package_identification:_identify(src) by extensions ['colcon_pkg']
[0.241s] Level 1:colcon.colcon_core.package_identification:_identify(src) by extension 'colcon_pkg'
[0.241s] Level 1:colcon.colcon_core.package_identification:_identify(src) by extensions ['colcon_meta']
[0.241s] Level 1:colcon.colcon_core.package_identification:_identify(src) by extension 'colcon_meta'
[0.242s] Level 1:colcon.colcon_core.package_identification:_identify(src) by extensions ['ros']
[0.242s] Level 1:colcon.colcon_core.package_identification:_identify(src) by extension 'ros'
[0.242s] Level 1:colcon.colcon_core.package_identification:_identify(src) by extensions ['cmake', 'python']
[0.242s] Level 1:colcon.colcon_core.package_identification:_identify(src) by extension 'cmake'
[0.242s] Level 1:colcon.colcon_core.package_identification:_identify(src) by extension 'python'
[0.242s] Level 1:colcon.colcon_core.package_identification:_identify(src) by extensions ['python_setup_py']
[0.242s] Level 1:colcon.colcon_core.package_identification:_identify(src) by extension 'python_setup_py'
[0.243s] Level 1:colcon.colcon_core.package_identification:_identify(src/cpp_pub) by extensions ['ignore', 'ignore_ament_install']
[0.243s] Level 1:colcon.colcon_core.package_identification:_identify(src/cpp_pub) by extension 'ignore'
[0.243s] Level 1:colcon.colcon_core.package_identification:_identify(src/cpp_pub) by extension 'ignore_ament_install'
[0.243s] Level 1:colcon.colcon_core.package_identification:_identify(src/cpp_pub) by extensions ['colcon_pkg']
[0.243s] Level 1:colcon.colcon_core.package_identification:_identify(src/cpp_pub) by extension 'colcon_pkg'
[0.243s] Level 1:colcon.colcon_core.package_identification:_identify(src/cpp_pub) by extensions ['colcon_meta']
[0.243s] Level 1:colcon.colcon_core.package_identification:_identify(src/cpp_pub) by extension 'colcon_meta'
[0.244s] Level 1:colcon.colcon_core.package_identification:_identify(src/cpp_pub) by extensions ['ros']
[0.244s] Level 1:colcon.colcon_core.package_identification:_identify(src/cpp_pub) by extension 'ros'
[0.250s] DEBUG:colcon.colcon_core.package_identification:Package 'src/cpp_pub' with type 'ros.ament_cmake' and name 'cpp_pub'
[0.250s] Level 1:colcon.colcon_core.package_identification:_identify(src/py_sub) by extensions ['ignore', 'ignore_ament_install']
[0.251s] Level 1:colcon.colcon_core.package_identification:_identify(src/py_sub) by extension 'ignore'
[0.251s] Level 1:colcon.colcon_core.package_identification:_identify(src/py_sub) by extension 'ignore_ament_install'
[0.251s] Level 1:colcon.colcon_core.package_identification:_identify(src/py_sub) by extensions ['colcon_pkg']
[0.251s] Level 1:colcon.colcon_core.package_identification:_identify(src/py_sub) by extension 'colcon_pkg'
[0.251s] Level 1:colcon.colcon_core.package_identification:_identify(src/py_sub) by extensions ['colcon_meta']
[0.251s] Level 1:colcon.colcon_core.package_identification:_identify(src/py_sub) by extension 'colcon_meta'
[0.251s] Level 1:colcon.colcon_core.package_identification:_identify(src/py_sub) by extensions ['ros']
[0.252s] Level 1:colcon.colcon_core.package_identification:_identify(src/py_sub) by extension 'ros'
[0.252s] DEBUG:colcon.colcon_core.package_identification:Package 'src/py_sub' with type 'ros.ament_python' and name 'py_sub'
[0.253s] Level 1:colcon.colcon_core.package_identification:_identify(src/sensor_processor) by extensions ['ignore', 'ignore_ament_install']
[0.253s] Level 1:colcon.colcon_core.package_identification:_identify(src/sensor_processor) by extension 'ignore'
[0.253s] Level 1:colcon.colcon_core.package_identification:_identify(src/sensor_processor) by extension 'ignore_ament_install'
[0.253s] Level 1:colcon.colcon_core.package_identification:_identify(src/sensor_processor) by extensions ['colcon_pkg']
[0.253s] Level 1:colcon.colcon_core.package_identification:_identify(src/sensor_processor) by extension 'colcon_pkg'
[0.253s] Level 1:colcon.colcon_core.package_identification:_identify(src/sensor_processor) by extensions ['colcon_meta']
[0.253s] Level 1:colcon.colcon_core.package_identification:_identify(src/sensor_processor) by extension 'colcon_meta'
[0.253s] Level 1:colcon.colcon_core.package_identification:_identify(src/sensor_processor) by extensions ['ros']
[0.253s] Level 1:colcon.colcon_core.package_identification:_identify(src/sensor_processor) by extension 'ros'
[0.254s] DEBUG:colcon.colcon_core.package_identification:Package 'src/sensor_processor' with type 'ros.ament_cmake' and name 'sensor_processor'
[0.254s] Level 1:colcon.colcon_core.package_discovery:discover_packages(recursive) using defaults
[0.254s] Level 1:colcon.colcon_core.package_discovery:discover_packages(ignore) discover
[0.254s] Level 1:colcon.colcon_core.package_discovery:discover_packages(ignore) using defaults
[0.254s] Level 1:colcon.colcon_core.package_discovery:discover_packages(path) discover
[0.254s] Level 1:colcon.colcon_core.package_discovery:discover_packages(path) using defaults
[0.276s] INFO:colcon.colcon_core.package_selection:Skipping not selected package 'cpp_pub' in 'src/cpp_pub'
[0.277s] INFO:colcon.colcon_core.package_selection:Skipping not selected package 'py_sub' in 'src/py_sub'
[0.277s] Level 1:colcon.colcon_core.package_discovery:discover_packages(prefix_path) check parameters
[0.277s] Level 1:colcon.colcon_core.package_discovery:discover_packages(prefix_path) discover
[0.280s] DEBUG:colcon.colcon_installed_package_information.package_discovery:Found 3 installed packages in /home/ros/Robot/ros2_ws/install
[0.284s] DEBUG:colcon.colcon_installed_package_information.package_discovery:Found 488 installed packages in /opt/ros/jazzy
[0.287s] Level 1:colcon.colcon_core.package_discovery:discover_packages(prefix_path) using defaults
[0.367s] Level 5:colcon.colcon_core.verb:set package 'sensor_processor' build argument 'cmake_args' from command line to 'None'
[0.367s] Level 5:colcon.colcon_core.verb:set package 'sensor_processor' build argument 'cmake_target' from command line to 'None'
[0.367s] Level 5:colcon.colcon_core.verb:set package 'sensor_processor' build argument 'cmake_target_skip_unavailable' from command line to 'False'
[0.367s] Level 5:colcon.colcon_core.verb:set package 'sensor_processor' build argument 'cmake_clean_cache' from command line to 'False'
[0.367s] Level 5:colcon.colcon_core.verb:set package 'sensor_processor' build argument 'cmake_clean_first' from command line to 'False'
[0.367s] Level 5:colcon.colcon_core.verb:set package 'sensor_processor' build argument 'cmake_force_configure' from command line to 'False'
[0.367s] Level 5:colcon.colcon_core.verb:set package 'sensor_processor' build argument 'ament_cmake_args' from command line to 'None'
[0.367s] Level 5:colcon.colcon_core.verb:set package 'sensor_processor' build argument 'catkin_cmake_args' from command line to 'None'
[0.368s] Level 5:colcon.colcon_core.verb:set package 'sensor_processor' build argument 'catkin_skip_building_tests' from command line to 'False'
[0.368s] DEBUG:colcon.colcon_core.verb:Building package 'sensor_processor' with the following arguments: {'ament_cmake_args': None, 'build_base': '/home/ros/Robot/ros2_ws/build/sensor_processor', 'catkin_cmake_args': None, 'catkin_skip_building_tests': False, 'cmake_args': None, 'cmake_clean_cache': False, 'cmake_clean_first': False, 'cmake_force_configure': False, 'cmake_target': None, 'cmake_target_skip_unavailable': False, 'install_base': '/home/ros/Robot/ros2_ws/install/sensor_processor', 'merge_install': False, 'path': '/home/ros/Robot/ros2_ws/src/sensor_processor', 'symlink_install': False, 'test_result_base': None}
[0.369s] INFO:colcon.colcon_core.executor:Executing jobs using 'parallel' executor
[0.371s] DEBUG:colcon.colcon_parallel_executor.executor.parallel:run_until_complete
[0.374s] INFO:colcon.colcon_ros.task.ament_cmake.build:Building ROS package in '/home/ros/Robot/ros2_ws/src/sensor_processor' with build type 'ament_cmake'
[0.374s] INFO:colcon.colcon_cmake.task.cmake.build:Building CMake package in '/home/ros/Robot/ros2_ws/src/sensor_processor'
[0.383s] INFO:colcon.colcon_core.plugin_system:Skipping extension 'colcon_core.shell.bat': Not used on non-Windows systems
[0.383s] INFO:colcon.colcon_core.shell:Skip shell extension 'powershell' for command environment: Not usable outside of PowerShell
[0.383s] DEBUG:colcon.colcon_core.shell:Skip shell extension 'dsv' for command environment
[0.408s] DEBUG:colcon.colcon_core.event_handler.log_command:Invoking command in '/home/ros/Robot/ros2_ws/build/sensor_processor': CMAKE_PREFIX_PATH=${CMAKE_PREFIX_PATH}:/home/ros/Robot/ros2_ws/install/py_sub:/opt/ros/jazzy DEBUGINFOD_URLS=https://debuginfod.ubuntu.com /usr/bin/cmake --build /home/ros/Robot/ros2_ws/build/sensor_processor -- -j2 -l2
[17.470s] DEBUG:colcon.colcon_core.event_handler.log_command:Invoked command in '/home/ros/Robot/ros2_ws/build/sensor_processor' returned '0': CMAKE_PREFIX_PATH=${CMAKE_PREFIX_PATH}:/home/ros/Robot/ros2_ws/install/py_sub:/opt/ros/jazzy DEBUGINFOD_URLS=https://debuginfod.ubuntu.com /usr/bin/cmake --build /home/ros/Robot/ros2_ws/build/sensor_processor -- -j2 -l2
[17.518s] DEBUG:colcon.colcon_core.event_handler.log_command:Invoking command in '/home/ros/Robot/ros2_ws/build/sensor_processor': CMAKE_PREFIX_PATH=${CMAKE_PREFIX_PATH}:/home/ros/Robot/ros2_ws/install/py_sub:/opt/ros/jazzy DEBUGINFOD_URLS=https://debuginfod.ubuntu.com /usr/bin/cmake --install /home/ros/Robot/ros2_ws/build/sensor_processor
[17.601s] Level 1:colcon.colcon_core.environment:create_environment_scripts_only(sensor_processor)
[17.603s] Level 1:colcon.colcon_core.environment:checking '/home/ros/Robot/ros2_ws/install/sensor_processor' for CMake module files
[17.604s] Level 1:colcon.colcon_core.environment:checking '/home/ros/Robot/ros2_ws/install/sensor_processor' for CMake config files
[17.604s] Level 1:colcon.colcon_core.shell:create_environment_hook('sensor_processor', 'cmake_prefix_path')
[17.604s] INFO:colcon.colcon_core.shell:Creating environment hook '/home/ros/Robot/ros2_ws/install/sensor_processor/share/sensor_processor/hook/cmake_prefix_path.ps1'
[17.606s] DEBUG:colcon.colcon_core.event_handler.log_command:Invoked command in '/home/ros/Robot/ros2_ws/build/sensor_processor' returned '0': CMAKE_PREFIX_PATH=${CMAKE_PREFIX_PATH}:/home/ros/Robot/ros2_ws/install/py_sub:/opt/ros/jazzy DEBUGINFOD_URLS=https://debuginfod.ubuntu.com /usr/bin/cmake --install /home/ros/Robot/ros2_ws/build/sensor_processor
[17.608s] INFO:colcon.colcon_core.shell:Creating environment descriptor '/home/ros/Robot/ros2_ws/install/sensor_processor/share/sensor_processor/hook/cmake_prefix_path.dsv'
[17.612s] INFO:colcon.colcon_core.shell:Creating environment hook '/home/ros/Robot/ros2_ws/install/sensor_processor/share/sensor_processor/hook/cmake_prefix_path.sh'
[17.616s] Level 1:colcon.colcon_core.environment:checking '/home/ros/Robot/ros2_ws/install/sensor_processor/lib'
[17.617s] Level 1:colcon.colcon_core.environment:checking '/home/ros/Robot/ros2_ws/install/sensor_processor/bin'
[17.618s] Level 1:colcon.colcon_core.environment:checking '/home/ros/Robot/ros2_ws/install/sensor_processor/lib/pkgconfig/sensor_processor.pc'
[17.618s] Level 1:colcon.colcon_core.environment:checking '/home/ros/Robot/ros2_ws/install/sensor_processor/lib/python3.12/site-packages'
[17.619s] Level 1:colcon.colcon_core.environment:checking '/home/ros/Robot/ros2_ws/install/sensor_processor/bin'
[17.620s] INFO:colcon.colcon_core.shell:Creating package script '/home/ros/Robot/ros2_ws/install/sensor_processor/share/sensor_processor/package.ps1'
[17.623s] INFO:colcon.colcon_core.shell:Creating package descriptor '/home/ros/Robot/ros2_ws/install/sensor_processor/share/sensor_processor/package.dsv'
[17.625s] INFO:colcon.colcon_core.shell:Creating package script '/home/ros/Robot/ros2_ws/install/sensor_processor/share/sensor_processor/package.sh'
[17.628s] INFO:colcon.colcon_core.shell:Creating package script '/home/ros/Robot/ros2_ws/install/sensor_processor/share/sensor_processor/package.bash'
[17.630s] INFO:colcon.colcon_core.shell:Creating package script '/home/ros/Robot/ros2_ws/install/sensor_processor/share/sensor_processor/package.zsh'
[17.631s] Level 1:colcon.colcon_core.environment:create_file_with_runtime_dependencies(/home/ros/Robot/ros2_ws/install/sensor_processor/share/colcon-core/packages/sensor_processor)
[17.633s] Level 1:colcon.colcon_core.environment:create_environment_scripts_only(sensor_processor)
[17.633s] Level 1:colcon.colcon_core.environment:checking '/home/ros/Robot/ros2_ws/install/sensor_processor' for CMake module files
[17.634s] Level 1:colcon.colcon_core.environment:checking '/home/ros/Robot/ros2_ws/install/sensor_processor' for CMake config files
[17.634s] Level 1:colcon.colcon_core.shell:create_environment_hook('sensor_processor', 'cmake_prefix_path')
[17.634s] INFO:colcon.colcon_core.shell:Creating environment hook '/home/ros/Robot/ros2_ws/install/sensor_processor/share/sensor_processor/hook/cmake_prefix_path.ps1'
[17.635s] INFO:colcon.colcon_core.shell:Creating environment descriptor '/home/ros/Robot/ros2_ws/install/sensor_processor/share/sensor_processor/hook/cmake_prefix_path.dsv'
[17.636s] INFO:colcon.colcon_core.shell:Creating environment hook '/home/ros/Robot/ros2_ws/install/sensor_processor/share/sensor_processor/hook/cmake_prefix_path.sh'
[17.638s] Level 1:colcon.colcon_core.environment:checking '/home/ros/Robot/ros2_ws/install/sensor_processor/lib'
[17.638s] Level 1:colcon.colcon_core.environment:checking '/home/ros/Robot/ros2_ws/install/sensor_processor/bin'
[17.638s] Level 1:colcon.colcon_core.environment:checking '/home/ros/Robot/ros2_ws/install/sensor_processor/lib/pkgconfig/sensor_processor.pc'
[17.639s] Level 1:colcon.colcon_core.environment:checking '/home/ros/Robot/ros2_ws/install/sensor_processor/lib/python3.12/site-packages'
[17.639s] Level 1:colcon.colcon_core.environment:checking '/home/ros/Robot/ros2_ws/install/sensor_processor/bin'
[17.640s] INFO:colcon.colcon_core.shell:Creating package script '/home/ros/Robot/ros2_ws/install/sensor_processor/share/sensor_processor/package.ps1'
[17.641s] INFO:colcon.colcon_core.shell:Creating package descriptor '/home/ros/Robot/ros2_ws/install/sensor_processor/share/sensor_processor/package.dsv'
[17.642s] INFO:colcon.colcon_core.shell:Creating package script '/home/ros/Robot/ros2_ws/install/sensor_processor/share/sensor_processor/package.sh'
[17.643s] INFO:colcon.colcon_core.shell:Creating package script '/home/ros/Robot/ros2_ws/install/sensor_processor/share/sensor_processor/package.bash'
[17.645s] INFO:colcon.colcon_core.shell:Creating package script '/home/ros/Robot/ros2_ws/install/sensor_processor/share/sensor_processor/package.zsh'
[17.646s] Level 1:colcon.colcon_core.environment:create_file_with_runtime_dependencies(/home/ros/Robot/ros2_ws/install/sensor_processor/share/colcon-core/packages/sensor_processor)
[17.648s] DEBUG:colcon.colcon_parallel_executor.executor.parallel:closing loop
[17.649s] DEBUG:colcon.colcon_parallel_executor.executor.parallel:loop closed
[17.649s] DEBUG:colcon.colcon_parallel_executor.executor.parallel:run_until_complete finished with '0'
[17.649s] DEBUG:colcon.colcon_core.event_reactor:joining thread
[17.652s] DEBUG:colcon.colcon_core.event_reactor:joined thread
[17.652s] INFO:colcon.colcon_core.shell:Creating prefix script '/home/ros/Robot/ros2_ws/install/local_setup.ps1'
[17.655s] INFO:colcon.colcon_core.shell:Creating prefix util module '/home/ros/Robot/ros2_ws/install/_local_setup_util_ps1.py'
[17.660s] INFO:colcon.colcon_core.shell:Creating prefix chain script '/home/ros/Robot/ros2_ws/install/setup.ps1'
[17.667s] INFO:colcon.colcon_core.shell:Creating prefix script '/home/ros/Robot/ros2_ws/install/local_setup.sh'
[17.670s] INFO:colcon.colcon_core.shell:Creating prefix util module '/home/ros/Robot/ros2_ws/install/_local_setup_util_sh.py'
[17.675s] INFO:colcon.colcon_core.shell:Creating prefix chain script '/home/ros/Robot/ros2_ws/install/setup.sh'
[17.679s] INFO:colcon.colcon_core.shell:Creating prefix script '/home/ros/Robot/ros2_ws/install/local_setup.bash'
[17.681s] INFO:colcon.colcon_core.shell:Creating prefix chain script '/home/ros/Robot/ros2_ws/install/setup.bash'
[17.684s] INFO:colcon.colcon_core.shell:Creating prefix script '/home/ros/Robot/ros2_ws/install/local_setup.zsh'
[17.687s] INFO:colcon.colcon_core.shell:Creating prefix chain script '/home/ros/Robot/ros2_ws/install/setup.zsh'
