running egg_info
creating ../../build/py_sub/py_sub.egg-info
writing ../../build/py_sub/py_sub.egg-info/PKG-INFO
writing dependency_links to ../../build/py_sub/py_sub.egg-info/dependency_links.txt
writing entry points to ../../build/py_sub/py_sub.egg-info/entry_points.txt
writing requirements to ../../build/py_sub/py_sub.egg-info/requires.txt
writing top-level names to ../../build/py_sub/py_sub.egg-info/top_level.txt
writing manifest file '../../build/py_sub/py_sub.egg-info/SOURCES.txt'
reading manifest file '../../build/py_sub/py_sub.egg-info/SOURCES.txt'
writing manifest file '../../build/py_sub/py_sub.egg-info/SOURCES.txt'
running build
running build_py
creating /media/sf_Linux_Share/Robot/ros2_ws/build/py_sub/build
creating /media/sf_Linux_Share/Robot/ros2_ws/build/py_sub/build/lib
creating /media/sf_Linux_Share/Robot/ros2_ws/build/py_sub/build/lib/py_sub
copying py_sub/subscriber.py -> /media/sf_Linux_Share/Robot/ros2_ws/build/py_sub/build/lib/py_sub
copying py_sub/__init__.py -> /media/sf_Linux_Share/Robot/ros2_ws/build/py_sub/build/lib/py_sub
running install
running install_lib
creating /media/sf_Linux_Share/Robot/ros2_ws/install/py_sub/lib/python3.12/site-packages/py_sub
copying /media/sf_Linux_Share/Robot/ros2_ws/build/py_sub/build/lib/py_sub/subscriber.py -> /media/sf_Linux_Share/Robot/ros2_ws/install/py_sub/lib/python3.12/site-packages/py_sub
copying /media/sf_Linux_Share/Robot/ros2_ws/build/py_sub/build/lib/py_sub/__init__.py -> /media/sf_Linux_Share/Robot/ros2_ws/install/py_sub/lib/python3.12/site-packages/py_sub
byte-compiling /media/sf_Linux_Share/Robot/ros2_ws/install/py_sub/lib/python3.12/site-packages/py_sub/subscriber.py to subscriber.cpython-312.pyc
byte-compiling /media/sf_Linux_Share/Robot/ros2_ws/install/py_sub/lib/python3.12/site-packages/py_sub/__init__.py to __init__.cpython-312.pyc
running install_data
creating /media/sf_Linux_Share/Robot/ros2_ws/install/py_sub/share/ament_index
creating /media/sf_Linux_Share/Robot/ros2_ws/install/py_sub/share/ament_index/resource_index
creating /media/sf_Linux_Share/Robot/ros2_ws/install/py_sub/share/ament_index/resource_index/packages
copying resource/py_sub -> /media/sf_Linux_Share/Robot/ros2_ws/install/py_sub/share/ament_index/resource_index/packages
copying package.xml -> /media/sf_Linux_Share/Robot/ros2_ws/install/py_sub/share/py_sub
running install_egg_info
Copying ../../build/py_sub/py_sub.egg-info to /media/sf_Linux_Share/Robot/ros2_ws/install/py_sub/lib/python3.12/site-packages/py_sub-0.0.0-py3.12.egg-info
running install_scripts
Installing subscriber script to /media/sf_Linux_Share/Robot/ros2_ws/install/py_sub/lib/py_sub
writing list of installed files to '/media/sf_Linux_Share/Robot/ros2_ws/build/py_sub/install.log'
