[0.186s] DEBUG:colcon:Command line arguments: ['/usr/bin/colcon', 'build', '--packages-select', 'sensor_processor', '--event-handlers', 'console_direct+']
[0.187s] DEBUG:colcon:Parsed command line arguments: Namespace(log_base=None, log_level=None, verb_name='build', build_base='build', install_base='install', merge_install=False, symlink_install=False, test_result_base=None, continue_on_error=False, executor='parallel', parallel_workers=2, event_handlers=['console_direct+'], ignore_user_meta=False, metas=['./colcon.meta'], base_paths=['.'], packages_ignore=None, packages_ignore_regex=None, paths=None, packages_up_to=None, packages_up_to_regex=None, packages_above=None, packages_above_and_dependencies=None, packages_above_depth=None, packages_select_by_dep=None, packages_skip_by_dep=None, packages_skip_up_to=None, packages_select_build_failed=False, packages_skip_build_finished=False, packages_select_test_failures=False, packages_skip_test_passed=False, packages_select=['sensor_processor'], packages_skip=None, packages_select_regex=None, packages_skip_regex=None, packages_start=None, packages_end=None, allow_overriding=[], cmake_args=None, cmake_target=None, cmake_target_skip_unavailable=False, cmake_clean_cache=False, cmake_clean_first=False, cmake_force_configure=False, ament_cmake_args=None, catkin_cmake_args=None, catkin_skip_building_tests=False, verb_parser=<colcon_defaults.argument_parser.defaults.DefaultArgumentsDecorator object at 0x7eaed7692120>, verb_extension=<colcon_core.verb.build.BuildVerb object at 0x7eaed7635970>, main=<bound method BuildVerb.main of <colcon_core.verb.build.BuildVerb object at 0x7eaed7635970>>)
[0.262s] Level 1:colcon.colcon_core.package_discovery:discover_packages(colcon_meta) check parameters
[0.263s] Level 1:colcon.colcon_core.package_discovery:discover_packages(recursive) check parameters
[0.264s] Level 1:colcon.colcon_core.package_discovery:discover_packages(ignore) check parameters
[0.264s] Level 1:colcon.colcon_core.package_discovery:discover_packages(path) check parameters
[0.264s] Level 1:colcon.colcon_core.package_discovery:discover_packages(colcon_meta) discover
[0.264s] Level 1:colcon.colcon_core.package_discovery:discover_packages(recursive) discover
[0.264s] INFO:colcon.colcon_core.package_discovery:Crawling recursively for packages in '/home/ros/Robot/ros2_ws'
[0.264s] Level 1:colcon.colcon_core.package_identification:_identify(.) by extensions ['ignore', 'ignore_ament_install']
[0.264s] Level 1:colcon.colcon_core.package_identification:_identify(.) by extension 'ignore'
[0.264s] Level 1:colcon.colcon_core.package_identification:_identify(.) by extension 'ignore_ament_install'
[0.265s] Level 1:colcon.colcon_core.package_identification:_identify(.) by extensions ['colcon_pkg']
[0.266s] Level 1:colcon.colcon_core.package_identification:_identify(.) by extension 'colcon_pkg'
[0.266s] Level 1:colcon.colcon_core.package_identification:_identify(.) by extensions ['colcon_meta']
[0.266s] Level 1:colcon.colcon_core.package_identification:_identify(.) by extension 'colcon_meta'
[0.266s] Level 1:colcon.colcon_core.package_identification:_identify(.) by extensions ['ros']
[0.266s] Level 1:colcon.colcon_core.package_identification:_identify(.) by extension 'ros'
[0.303s] Level 1:colcon.colcon_core.package_identification:_identify(.) by extensions ['cmake', 'python']
[0.304s] Level 1:colcon.colcon_core.package_identification:_identify(.) by extension 'cmake'
[0.304s] Level 1:colcon.colcon_core.package_identification:_identify(.) by extension 'python'
[0.304s] Level 1:colcon.colcon_core.package_identification:_identify(.) by extensions ['python_setup_py']
[0.304s] Level 1:colcon.colcon_core.package_identification:_identify(.) by extension 'python_setup_py'
[0.304s] Level 1:colcon.colcon_core.package_identification:_identify(build) by extensions ['ignore', 'ignore_ament_install']
[0.305s] Level 1:colcon.colcon_core.package_identification:_identify(build) by extension 'ignore'
[0.305s] Level 1:colcon.colcon_core.package_identification:_identify(build) ignored
[0.305s] Level 1:colcon.colcon_core.package_identification:_identify(install) by extensions ['ignore', 'ignore_ament_install']
[0.311s] Level 1:colcon.colcon_core.package_identification:_identify(install) by extension 'ignore'
[0.312s] Level 1:colcon.colcon_core.package_identification:_identify(install) ignored
[0.312s] Level 1:colcon.colcon_core.package_identification:_identify(log) by extensions ['ignore', 'ignore_ament_install']
[0.313s] Level 1:colcon.colcon_core.package_identification:_identify(log) by extension 'ignore'
[0.313s] Level 1:colcon.colcon_core.package_identification:_identify(log) ignored
[0.314s] Level 1:colcon.colcon_core.package_identification:_identify(src) by extensions ['ignore', 'ignore_ament_install']
[0.314s] Level 1:colcon.colcon_core.package_identification:_identify(src) by extension 'ignore'
[0.314s] Level 1:colcon.colcon_core.package_identification:_identify(src) by extension 'ignore_ament_install'
[0.315s] Level 1:colcon.colcon_core.package_identification:_identify(src) by extensions ['colcon_pkg']
[0.315s] Level 1:colcon.colcon_core.package_identification:_identify(src) by extension 'colcon_pkg'
[0.315s] Level 1:colcon.colcon_core.package_identification:_identify(src) by extensions ['colcon_meta']
[0.315s] Level 1:colcon.colcon_core.package_identification:_identify(src) by extension 'colcon_meta'
[0.315s] Level 1:colcon.colcon_core.package_identification:_identify(src) by extensions ['ros']
[0.315s] Level 1:colcon.colcon_core.package_identification:_identify(src) by extension 'ros'
[0.315s] Level 1:colcon.colcon_core.package_identification:_identify(src) by extensions ['cmake', 'python']
[0.316s] Level 1:colcon.colcon_core.package_identification:_identify(src) by extension 'cmake'
[0.316s] Level 1:colcon.colcon_core.package_identification:_identify(src) by extension 'python'
[0.316s] Level 1:colcon.colcon_core.package_identification:_identify(src) by extensions ['python_setup_py']
[0.316s] Level 1:colcon.colcon_core.package_identification:_identify(src) by extension 'python_setup_py'
[0.316s] Level 1:colcon.colcon_core.package_identification:_identify(src/cpp_pub) by extensions ['ignore', 'ignore_ament_install']
[0.316s] Level 1:colcon.colcon_core.package_identification:_identify(src/cpp_pub) by extension 'ignore'
[0.316s] Level 1:colcon.colcon_core.package_identification:_identify(src/cpp_pub) by extension 'ignore_ament_install'
[0.316s] Level 1:colcon.colcon_core.package_identification:_identify(src/cpp_pub) by extensions ['colcon_pkg']
[0.316s] Level 1:colcon.colcon_core.package_identification:_identify(src/cpp_pub) by extension 'colcon_pkg'
[0.316s] Level 1:colcon.colcon_core.package_identification:_identify(src/cpp_pub) by extensions ['colcon_meta']
[0.316s] Level 1:colcon.colcon_core.package_identification:_identify(src/cpp_pub) by extension 'colcon_meta'
[0.316s] Level 1:colcon.colcon_core.package_identification:_identify(src/cpp_pub) by extensions ['ros']
[0.316s] Level 1:colcon.colcon_core.package_identification:_identify(src/cpp_pub) by extension 'ros'
[0.321s] DEBUG:colcon.colcon_core.package_identification:Package 'src/cpp_pub' with type 'ros.ament_cmake' and name 'cpp_pub'
[0.322s] Level 1:colcon.colcon_core.package_identification:_identify(src/py_sub) by extensions ['ignore', 'ignore_ament_install']
[0.323s] Level 1:colcon.colcon_core.package_identification:_identify(src/py_sub) by extension 'ignore'
[0.323s] Level 1:colcon.colcon_core.package_identification:_identify(src/py_sub) by extension 'ignore_ament_install'
[0.324s] Level 1:colcon.colcon_core.package_identification:_identify(src/py_sub) by extensions ['colcon_pkg']
[0.324s] Level 1:colcon.colcon_core.package_identification:_identify(src/py_sub) by extension 'colcon_pkg'
[0.324s] Level 1:colcon.colcon_core.package_identification:_identify(src/py_sub) by extensions ['colcon_meta']
[0.325s] Level 1:colcon.colcon_core.package_identification:_identify(src/py_sub) by extension 'colcon_meta'
[0.325s] Level 1:colcon.colcon_core.package_identification:_identify(src/py_sub) by extensions ['ros']
[0.325s] Level 1:colcon.colcon_core.package_identification:_identify(src/py_sub) by extension 'ros'
[0.326s] DEBUG:colcon.colcon_core.package_identification:Package 'src/py_sub' with type 'ros.ament_python' and name 'py_sub'
[0.327s] Level 1:colcon.colcon_core.package_identification:_identify(src/sensor_processor) by extensions ['ignore', 'ignore_ament_install']
[0.327s] Level 1:colcon.colcon_core.package_identification:_identify(src/sensor_processor) by extension 'ignore'
[0.327s] Level 1:colcon.colcon_core.package_identification:_identify(src/sensor_processor) by extension 'ignore_ament_install'
[0.327s] Level 1:colcon.colcon_core.package_identification:_identify(src/sensor_processor) by extensions ['colcon_pkg']
[0.327s] Level 1:colcon.colcon_core.package_identification:_identify(src/sensor_processor) by extension 'colcon_pkg'
[0.327s] Level 1:colcon.colcon_core.package_identification:_identify(src/sensor_processor) by extensions ['colcon_meta']
[0.327s] Level 1:colcon.colcon_core.package_identification:_identify(src/sensor_processor) by extension 'colcon_meta'
[0.328s] Level 1:colcon.colcon_core.package_identification:_identify(src/sensor_processor) by extensions ['ros']
[0.328s] Level 1:colcon.colcon_core.package_identification:_identify(src/sensor_processor) by extension 'ros'
[0.329s] DEBUG:colcon.colcon_core.package_identification:Package 'src/sensor_processor' with type 'ros.ament_cmake' and name 'sensor_processor'
[0.329s] Level 1:colcon.colcon_core.package_discovery:discover_packages(recursive) using defaults
[0.330s] Level 1:colcon.colcon_core.package_discovery:discover_packages(ignore) discover
[0.330s] Level 1:colcon.colcon_core.package_discovery:discover_packages(ignore) using defaults
[0.330s] Level 1:colcon.colcon_core.package_discovery:discover_packages(path) discover
[0.330s] Level 1:colcon.colcon_core.package_discovery:discover_packages(path) using defaults
[0.363s] INFO:colcon.colcon_core.package_selection:Skipping not selected package 'cpp_pub' in 'src/cpp_pub'
[0.366s] INFO:colcon.colcon_core.package_selection:Skipping not selected package 'py_sub' in 'src/py_sub'
[0.367s] Level 1:colcon.colcon_core.package_discovery:discover_packages(prefix_path) check parameters
[0.367s] Level 1:colcon.colcon_core.package_discovery:discover_packages(prefix_path) discover
[0.372s] DEBUG:colcon.colcon_installed_package_information.package_discovery:Found 3 installed packages in /home/ros/Robot/ros2_ws/install
[0.374s] DEBUG:colcon.colcon_installed_package_information.package_discovery:Found 488 installed packages in /opt/ros/jazzy
[0.377s] Level 1:colcon.colcon_core.package_discovery:discover_packages(prefix_path) using defaults
[0.458s] Level 5:colcon.colcon_core.verb:set package 'sensor_processor' build argument 'cmake_args' from command line to 'None'
[0.459s] Level 5:colcon.colcon_core.verb:set package 'sensor_processor' build argument 'cmake_target' from command line to 'None'
[0.459s] Level 5:colcon.colcon_core.verb:set package 'sensor_processor' build argument 'cmake_target_skip_unavailable' from command line to 'False'
[0.459s] Level 5:colcon.colcon_core.verb:set package 'sensor_processor' build argument 'cmake_clean_cache' from command line to 'False'
[0.459s] Level 5:colcon.colcon_core.verb:set package 'sensor_processor' build argument 'cmake_clean_first' from command line to 'False'
[0.459s] Level 5:colcon.colcon_core.verb:set package 'sensor_processor' build argument 'cmake_force_configure' from command line to 'False'
[0.460s] Level 5:colcon.colcon_core.verb:set package 'sensor_processor' build argument 'ament_cmake_args' from command line to 'None'
[0.460s] Level 5:colcon.colcon_core.verb:set package 'sensor_processor' build argument 'catkin_cmake_args' from command line to 'None'
[0.460s] Level 5:colcon.colcon_core.verb:set package 'sensor_processor' build argument 'catkin_skip_building_tests' from command line to 'False'
[0.460s] DEBUG:colcon.colcon_core.verb:Building package 'sensor_processor' with the following arguments: {'ament_cmake_args': None, 'build_base': '/home/ros/Robot/ros2_ws/build/sensor_processor', 'catkin_cmake_args': None, 'catkin_skip_building_tests': False, 'cmake_args': None, 'cmake_clean_cache': False, 'cmake_clean_first': False, 'cmake_force_configure': False, 'cmake_target': None, 'cmake_target_skip_unavailable': False, 'install_base': '/home/ros/Robot/ros2_ws/install/sensor_processor', 'merge_install': False, 'path': '/home/ros/Robot/ros2_ws/src/sensor_processor', 'symlink_install': False, 'test_result_base': None}
[0.460s] INFO:colcon.colcon_core.executor:Executing jobs using 'parallel' executor
[0.469s] DEBUG:colcon.colcon_parallel_executor.executor.parallel:run_until_complete
[0.469s] INFO:colcon.colcon_ros.task.ament_cmake.build:Building ROS package in '/home/ros/Robot/ros2_ws/src/sensor_processor' with build type 'ament_cmake'
[0.469s] INFO:colcon.colcon_cmake.task.cmake.build:Building CMake package in '/home/ros/Robot/ros2_ws/src/sensor_processor'
[0.472s] INFO:colcon.colcon_core.plugin_system:Skipping extension 'colcon_core.shell.bat': Not used on non-Windows systems
[0.473s] INFO:colcon.colcon_core.shell:Skip shell extension 'powershell' for command environment: Not usable outside of PowerShell
[0.473s] DEBUG:colcon.colcon_core.shell:Skip shell extension 'dsv' for command environment
[0.520s] DEBUG:colcon.colcon_core.event_handler.log_command:Invoking command in '/home/ros/Robot/ros2_ws/build/sensor_processor': CMAKE_PREFIX_PATH=${CMAKE_PREFIX_PATH}:/home/ros/Robot/ros2_ws/install/py_sub:/opt/ros/jazzy DEBUGINFOD_URLS=https://debuginfod.ubuntu.com /usr/bin/cmake --build /home/ros/Robot/ros2_ws/build/sensor_processor -- -j2 -l2
[0.846s] DEBUG:colcon.colcon_core.event_handler.log_command:Invoked command in '/home/ros/Robot/ros2_ws/build/sensor_processor' returned '2': CMAKE_PREFIX_PATH=${CMAKE_PREFIX_PATH}:/home/ros/Robot/ros2_ws/install/py_sub:/opt/ros/jazzy DEBUGINFOD_URLS=https://debuginfod.ubuntu.com /usr/bin/cmake --build /home/ros/Robot/ros2_ws/build/sensor_processor -- -j2 -l2
[0.847s] Level 1:colcon.colcon_core.environment:create_environment_scripts_only(sensor_processor)
[0.849s] Level 1:colcon.colcon_core.environment:checking '/home/ros/Robot/ros2_ws/install/sensor_processor' for CMake module files
[0.850s] Level 1:colcon.colcon_core.environment:checking '/home/ros/Robot/ros2_ws/install/sensor_processor' for CMake config files
[0.851s] Level 1:colcon.colcon_core.environment:checking '/home/ros/Robot/ros2_ws/install/sensor_processor/bin'
[0.851s] Level 1:colcon.colcon_core.environment:checking '/home/ros/Robot/ros2_ws/install/sensor_processor/lib/pkgconfig/sensor_processor.pc'
[0.852s] Level 1:colcon.colcon_core.environment:checking '/home/ros/Robot/ros2_ws/install/sensor_processor/lib/python3.12/site-packages'
[0.853s] Level 1:colcon.colcon_core.environment:checking '/home/ros/Robot/ros2_ws/install/sensor_processor/bin'
[0.853s] INFO:colcon.colcon_core.shell:Creating package script '/home/ros/Robot/ros2_ws/install/sensor_processor/share/sensor_processor/package.ps1'
[0.855s] INFO:colcon.colcon_core.shell:Creating package descriptor '/home/ros/Robot/ros2_ws/install/sensor_processor/share/sensor_processor/package.dsv'
[0.857s] INFO:colcon.colcon_core.shell:Creating package script '/home/ros/Robot/ros2_ws/install/sensor_processor/share/sensor_processor/package.sh'
[0.858s] INFO:colcon.colcon_core.shell:Creating package script '/home/ros/Robot/ros2_ws/install/sensor_processor/share/sensor_processor/package.bash'
[0.860s] INFO:colcon.colcon_core.shell:Creating package script '/home/ros/Robot/ros2_ws/install/sensor_processor/share/sensor_processor/package.zsh'
[0.861s] Level 1:colcon.colcon_core.environment:create_file_with_runtime_dependencies(/home/ros/Robot/ros2_ws/install/sensor_processor/share/colcon-core/packages/sensor_processor)
[0.873s] DEBUG:colcon.colcon_parallel_executor.executor.parallel:closing loop
[0.874s] DEBUG:colcon.colcon_parallel_executor.executor.parallel:loop closed
[0.874s] DEBUG:colcon.colcon_parallel_executor.executor.parallel:run_until_complete finished with '2'
[0.874s] DEBUG:colcon.colcon_core.event_reactor:joining thread
[0.876s] DEBUG:colcon.colcon_core.event_reactor:joined thread
[0.876s] INFO:colcon.colcon_core.shell:Creating prefix script '/home/ros/Robot/ros2_ws/install/local_setup.ps1'
[0.878s] INFO:colcon.colcon_core.shell:Creating prefix util module '/home/ros/Robot/ros2_ws/install/_local_setup_util_ps1.py'
[0.881s] INFO:colcon.colcon_core.shell:Creating prefix chain script '/home/ros/Robot/ros2_ws/install/setup.ps1'
[0.884s] INFO:colcon.colcon_core.shell:Creating prefix script '/home/ros/Robot/ros2_ws/install/local_setup.sh'
[0.886s] INFO:colcon.colcon_core.shell:Creating prefix util module '/home/ros/Robot/ros2_ws/install/_local_setup_util_sh.py'
[0.886s] INFO:colcon.colcon_core.shell:Creating prefix chain script '/home/ros/Robot/ros2_ws/install/setup.sh'
[0.889s] INFO:colcon.colcon_core.shell:Creating prefix script '/home/ros/Robot/ros2_ws/install/local_setup.bash'
[0.891s] INFO:colcon.colcon_core.shell:Creating prefix chain script '/home/ros/Robot/ros2_ws/install/setup.bash'
[0.893s] INFO:colcon.colcon_core.shell:Creating prefix script '/home/ros/Robot/ros2_ws/install/local_setup.zsh'
[0.894s] INFO:colcon.colcon_core.shell:Creating prefix chain script '/home/ros/Robot/ros2_ws/install/setup.zsh'
