[ 50%] [32mBuilding CXX object CMakeFiles/image_processor.dir/src/image_processor_node.cpp.o[0m
[100%] [32m[1mLinking CXX executable image_processor[0m
[100%] Built target image_processor
-- Install configuration: ""
-- Installing: /home/ros/Robot/ros2_ws/install/sensor_processor/lib/sensor_processor/image_processor
-- Set non-toolchain portion of runtime path of "/home/ros/Robot/ros2_ws/install/sensor_processor/lib/sensor_processor/image_processor" to ""
-- Installing: /home/ros/Robot/ros2_ws/install/sensor_processor/share/ament_index/resource_index/package_run_dependencies/sensor_processor
-- Installing: /home/ros/Robot/ros2_ws/install/sensor_processor/share/ament_index/resource_index/parent_prefix_path/sensor_processor
-- Installing: /home/ros/Robot/ros2_ws/install/sensor_processor/share/sensor_processor/environment/ament_prefix_path.sh
-- Installing: /home/ros/Robot/ros2_ws/install/sensor_processor/share/sensor_processor/environment/ament_prefix_path.dsv
-- Installing: /home/ros/Robot/ros2_ws/install/sensor_processor/share/sensor_processor/environment/path.sh
-- Installing: /home/ros/Robot/ros2_ws/install/sensor_processor/share/sensor_processor/environment/path.dsv
-- Installing: /home/ros/Robot/ros2_ws/install/sensor_processor/share/sensor_processor/local_setup.bash
-- Installing: /home/ros/Robot/ros2_ws/install/sensor_processor/share/sensor_processor/local_setup.sh
-- Installing: /home/ros/Robot/ros2_ws/install/sensor_processor/share/sensor_processor/local_setup.zsh
-- Installing: /home/ros/Robot/ros2_ws/install/sensor_processor/share/sensor_processor/local_setup.dsv
-- Installing: /home/ros/Robot/ros2_ws/install/sensor_processor/share/sensor_processor/package.dsv
-- Installing: /home/ros/Robot/ros2_ws/install/sensor_processor/share/ament_index/resource_index/packages/sensor_processor
-- Installing: /home/ros/Robot/ros2_ws/install/sensor_processor/share/sensor_processor/cmake/sensor_processorConfig.cmake
-- Installing: /home/ros/Robot/ros2_ws/install/sensor_processor/share/sensor_processor/cmake/sensor_processorConfig-version.cmake
-- Installing: /home/ros/Robot/ros2_ws/install/sensor_processor/share/sensor_processor/package.xml
